This is pdfTeX, Version 3.141592653-2.6-1.40.24 (TeX Live 2022) (preloaded format=pdflatex 2022.5.20)  8 APR 2025 16:52
entering extended mode
 restricted \write18 enabled.
 %&-line parsing enabled.
**language02.tex
(./language02.tex
LaTeX2e <2021-11-15> patch level 1
L3 programming layer <2022-02-24>
(/usr/local/texlive/2022/texmf-dist/tex/latex/base/article.cls
Document Class: article 2021/10/04 v1.4n Standard LaTeX document class
(/usr/local/texlive/2022/texmf-dist/tex/latex/base/size10.clo
File: size10.clo 2021/10/04 v1.4n Standard LaTeX file (size option)
)
\c@part=\count185
\c@section=\count186
\c@subsection=\count187
\c@subsubsection=\count188
\c@paragraph=\count189
\c@subparagraph=\count190
\c@figure=\count191
\c@table=\count192
\abovecaptionskip=\skip47
\belowcaptionskip=\skip48
\bibindent=\dimen138
)
(/usr/local/texlive/2022/texmf-dist/tex/latex/graphics/color.sty
Package: color 2021/12/07 v1.3c Standard LaTeX Color (DPC)

(/usr/local/texlive/2022/texmf-dist/tex/latex/graphics-cfg/color.cfg
File: color.cfg 2016/01/02 v1.6 sample color configuration
)
Package color Info: Driver file: pdftex.def on input line 149.

(/usr/local/texlive/2022/texmf-dist/tex/latex/graphics-def/pdftex.def
File: pdftex.def 2020/10/05 v1.2a Graphics/color driver for pdftex
))
(/usr/local/texlive/2022/texmf-dist/tex/latex/base/alltt.sty
Package: alltt 2021/01/29 v2.0g defines alltt environment
)
(/usr/local/texlive/2022/texmf-dist/tex/latex/base/fontenc.sty
Package: fontenc 2021/04/29 v2.0v Standard LaTeX package
)
(/usr/local/texlive/2022/texmf-dist/tex/latex/base/inputenc.sty
Package: inputenc 2021/02/14 v1.3d Input encoding file
\inpenc@prehook=\toks16
\inpenc@posthook=\toks17

(/usr/local/texlive/2022/texmf-dist/tex/latex/base/latin1.def
File: latin1.def 2021/02/14 v1.3d Input encoding file
))
(./highlight.sty)
(/usr/local/texlive/2022/texmf-dist/tex/latex/l3backend/l3backend-pdftex.def
File: l3backend-pdftex.def 2022-02-07 L3 backend support: PDF output (pdfTeX)
\l__color_backend_stack_int=\count193
\l__pdf_internal_box=\box50
)
No file language02.aux.
\openout1 = `language02.aux'.

LaTeX Font Info:    Checking defaults for OML/cmm/m/it on input line 10.
LaTeX Font Info:    ... okay on input line 10.
LaTeX Font Info:    Checking defaults for OMS/cmsy/m/n on input line 10.
LaTeX Font Info:    ... okay on input line 10.
LaTeX Font Info:    Checking defaults for OT1/cmr/m/n on input line 10.
LaTeX Font Info:    ... okay on input line 10.
LaTeX Font Info:    Checking defaults for T1/cmr/m/n on input line 10.
LaTeX Font Info:    ... okay on input line 10.
LaTeX Font Info:    Checking defaults for TS1/cmr/m/n on input line 10.
LaTeX Font Info:    ... okay on input line 10.
LaTeX Font Info:    Checking defaults for OMX/cmex/m/n on input line 10.
LaTeX Font Info:    ... okay on input line 10.
LaTeX Font Info:    Checking defaults for U/cmr/m/n on input line 10.
LaTeX Font Info:    ... okay on input line 10.
(/usr/local/texlive/2022/texmf-dist/tex/context/base/mkii/supp-pdf.mkii
[Loading MPS to PDF converter (version 2006.09.02).]
\scratchcounter=\count194
\scratchdimen=\dimen139
\scratchbox=\box51
\nofMPsegments=\count195
\nofMParguments=\count196
\everyMPshowfont=\toks18
\MPscratchCnt=\count197
\MPscratchDim=\dimen140
\MPnumerator=\count198
\makeMPintoPDFobject=\count199
\everyMPtoPDFconversion=\toks19
)
LaTeX Font Info:    Trying to load font information for T1+cmtt on input line 1
3.
 (/usr/local/texlive/2022/texmf-dist/tex/latex/base/t1cmtt.fd
File: t1cmtt.fd 2019/12/16 v2.5j Standard LaTeX font definitions
)
LaTeX Font Info:    External font `cmex10' loaded for size
(Font)              <7> on input line 16.
LaTeX Font Info:    External font `cmex10' loaded for size
(Font)              <5> on input line 16.

Overfull \hbox (169.12569pt too wide) in paragraph at lines 12--63
[][][]\T1/cmtt/m/n/10 {[][]number[][]}[][]                [][]{ [][][][]fprintf
[][][][]([][]yyout[][],[][][][]"[][]%d[][]([][]%d[][]): [][]%s [][](NUMBER)[][]
$\OMS/cmsy/m/n/10 n$\T1/cmtt/m/n/10 n[][]"[][][][],[][]line_number[][],[][]colu
mn_number[][],[][]yytext[][]);
 []


Overfull \hbox (116.6385pt too wide) in paragraph at lines 12--63
[][][]\T1/cmtt/m/n/10 "+"[][][][]                     [][][][]{ [][][][]fprintf
[][][][]([][]yyout[][],[][][][]"[][]%d[][]([][]%d[][]): + (PLUS)[][]$\OMS/cmsy/
m/n/10 n$\T1/cmtt/m/n/10 n[][]"[][][][],[][]line_number[][],[][]column_number[]
[]);
 []


Overfull \hbox (121.88722pt too wide) in paragraph at lines 12--63
[][][]\T1/cmtt/m/n/10 "-"[][][][]                     [][][][]{ [][][][]fprintf
[][][][]([][]yyout[][],[][][][]"[][]%d[][]([][]%d[][]): - (MINUS)[][]$\OMS/cmsy
/m/n/10 n$\T1/cmtt/m/n/10 n[][]"[][][][],[][]line_number[][],[][]column_number[
][]);
 []


Overfull \hbox (1.4154pt too wide) in paragraph at lines 12--63
[][][]\T1/cmtt/m/n/10 {[][]other[][]}[][]                 [][]{ [][][][]fprintf
[][][][]([][]yyout[][], [][][][]"Lexical error on line [][]%d
 []


Overfull \hbox (24.19325pt too wide) in paragraph at lines 12--63
[][]\T1/cmtt/m/n/10 and column [][]%d[][]. Input -$\OML/cmm/m/it/10 >$ [][]$\OM
S/cmsy/m/n/10 n$\T1/cmtt/m/n/10 "[][][][]%s[][][][]$\OMS/cmsy/m/n/10 n$\T1/cmtt
/m/n/10 "$\OMS/cmsy/m/n/10 n$\T1/cmtt/m/n/10 n[][]"[][][][],[][]line_number[][]
, [][]column_number[][], [][]yytext[][]);
 []

[1

{/usr/local/texlive/2022/texmf-var/fonts/map/pdftex/updmap/pdftex.map}]
[2] (./language02.aux) ) 
Here is how much of TeX's memory you used:
 1289 strings out of 478268
 19606 string characters out of 5846347
 316849 words of memory out of 5000000
 19543 multiletter control sequences out of 15000+600000
 471797 words of font info for 32 fonts, out of 8000000 for 9000
 1141 hyphenation exceptions out of 8191
 36i,6n,47p,616b,108s stack positions out of 10000i,1000n,20000p,200000b,200000s
{/usr/local/texlive/2022/texmf-dist/fonts/enc/dvips/cm-
super/cm-super-t1.enc}</usr/local/texlive/2022/texmf-dist/fonts/type1/public/am
sfonts/cm/cmmi10.pfb></usr/local/texlive/2022/texmf-dist/fonts/type1/public/ams
fonts/cm/cmsy10.pfb></usr/local/texlive/2022/texmf-dist/fonts/type1/public/cm-s
uper/sfbx1000.pfb></usr/local/texlive/2022/texmf-dist/fonts/type1/public/cm-sup
er/sfrm1000.pfb></usr/local/texlive/2022/texmf-dist/fonts/type1/public/cm-super
/sfti1000.pfb></usr/local/texlive/2022/texmf-dist/fonts/type1/public/cm-super/s
ftt1000.pfb>
Output written on language02.pdf (2 pages, 89075 bytes).
PDF statistics:
 42 PDF objects out of 1000 (max. 8388607)
 25 compressed objects within 1 object stream
 0 named destinations out of 1000 (max. 500000)
 1 words of extra memory for PDF output out of 10000 (max. 10000000)

